<?xml version="1.0" encoding="UTF-8"?>
<!-- Generated by org.testng.reporters.JUnitReportReporter -->
<testsuite hostname="DESKTOP-UIVDGU4" failures="0" tests="1" name="Pratice.d1Test" time="68.834" errors="0" timestamp="2023-04-25T14:07:55 IST" skipped="0">
  <testcase classname="Pratice.d1Test" name="sample" time="68.834"/>
  <system-out/>
</testsuite> <!-- Pratice.d1Test -->
