<?xml version="1.0" encoding="UTF-8"?>
<!-- Generated by org.testng.reporters.JUnitReportReporter -->
<testsuite hostname="DESKTOP-UIVDGU4" failures="0" tests="1" name="Pratice.parameters" time="0.006" errors="0" timestamp="2023-04-25T14:04:36 IST" skipped="0">
  <testcase classname="Pratice.parameters" name="m1" time="0.006"/>
  <system-out/>
</testsuite> <!-- Pratice.parameters -->
