<?xml version="1.0" encoding="UTF-8"?>
<!-- Generated by org.testng.reporters.JUnitReportReporter -->
<testsuite hostname="DESKTOP-UIVDGU4" failures="0" tests="1" name="Pratice.Demo" time="0.011" errors="0" timestamp="2023-04-25T12:49:49 IST" skipped="0">
  <testcase classname="Pratice.Demo" name="method" time="0.011"/>
  <system-out/>
</testsuite> <!-- Pratice.Demo -->
