<?xml version="1.0" encoding="UTF-8"?>
<!-- Generated by org.testng.reporters.JUnitReportReporter -->
<testsuite hostname="DESKTOP-UIVDGU4" failures="0" tests="1" name="com.Actitime.Testscripts.TaskTest" time="23.053" errors="0" timestamp="2023-03-31T11:14:25 IST" skipped="0">
  <testcase classname="com.Actitime.Testscripts.TaskTest" name="createcustomer" time="23.053"/>
  <system-out/>
</testsuite> <!-- com.Actitime.Testscripts.TaskTest -->
