<?xml version="1.0" encoding="UTF-8"?>
<!-- Generated by org.testng.reporters.JUnitReportReporter -->
<testsuite hostname="DESKTOP-UIVDGU4" failures="0" tests="1" name="com.Actitime.Testscripts.TaskTest" time="50.724" errors="0" timestamp="2023-04-06T13:06:08 IST" skipped="0">
  <testcase classname="com.Actitime.Testscripts.TaskTest" name="createcustomer" time="50.724"/>
  <system-out/>
</testsuite> <!-- com.Actitime.Testscripts.TaskTest -->
